=========================================
Testing file 50n100m2k0.05miss0.01err600sec_0.m...
Checking MMC...Done.
Checking LBRatio...Done.
Checking LBWsum...Done.
Checking Mixed...Done.
All checks successfully completed.
=========================================

=========================================
Testing file 50n100m2k0.05miss0.01err600sec_10.m...
Checking MMC...Done.
Checking LBRatio...Done.
Checking LBWsum...Done.
Checking Mixed...Done.
All checks successfully completed.
=========================================

=========================================
Testing file 50n100m2k0.05miss0.01err600sec_11.m...
Checking MMC...Done.
Checking LBRatio...Done.
Checking LBWsum...Done.
Checking Mixed...Done.
All checks successfully completed.
=========================================

=========================================
Testing file 50n100m2k0.05miss0.01err600sec_12.m...
Checking MMC...Done.
Checking LBRatio...Done.
Checking LBWsum...Done.
Checking Mixed...Done.
All checks successfully completed.
=========================================

=========================================
Testing file 50n100m2k0.05miss0.01err600sec_13.m...
Checking MMC...Done.
Checking LBRatio...Done.
Checking LBWsum...Done.
Checking Mixed...Done.
All checks successfully completed.
=========================================

=========================================
Testing file 50n100m2k0.05miss0.01err600sec_14.m...
Checking MMC...Done.
Checking LBRatio...Done.
Checking LBWsum...Done.
Checking Mixed...Done.
All checks successfully completed.
=========================================

=========================================
Testing file 50n100m2k0.05miss0.01err600sec_15.m...
Checking MMC...Done.
Checking LBRatio...Done.
Checking LBWsum...Done.
Checking Mixed...Done.
All checks successfully completed.
=========================================

=========================================
Testing file 50n100m2k0.05miss0.01err600sec_16.m...
Checking MMC...Done.
Checking LBRatio...Done.
Checking LBWsum...Done.
Checking Mixed...Done.
All checks successfully completed.
=========================================

=========================================
Testing file 50n100m2k0.05miss0.01err600sec_17.m...
Checking MMC...Done.
Checking LBRatio...Done.
Checking LBWsum...Done.
Checking Mixed...Done.
All checks successfully completed.
=========================================

=========================================
Testing file 50n100m2k0.05miss0.01err600sec_18.m...
Checking MMC...Done.
Checking LBRatio...Done.
Checking LBWsum...Done.
Checking Mixed...Done.
All checks successfully completed.
=========================================

=========================================
Testing file 50n100m2k0.05miss0.01err600sec_19.m...
Checking MMC...Done.
Checking LBRatio...Done.
Checking LBWsum...Done.
Checking Mixed...Done.
All checks successfully completed.
=========================================

=========================================
Testing file 50n100m2k0.05miss0.01err600sec_1.m...
Checking MMC...Done.
Checking LBRatio...Done.
Checking LBWsum...Done.
Checking Mixed...Done.
All checks successfully completed.
=========================================

=========================================
Testing file 50n100m2k0.05miss0.01err600sec_20.m...
Checking MMC...Done.
Checking LBRatio...Done.
Checking LBWsum...Done.
Checking Mixed...Done.
All checks successfully completed.
=========================================

=========================================
Testing file 50n100m2k0.05miss0.01err600sec_21.m...
Checking MMC...Done.
Checking LBRatio...Done.
Checking LBWsum...Done.
Checking Mixed...Done.
All checks successfully completed.
=========================================

=========================================
Testing file 50n100m2k0.05miss0.01err600sec_22.m...
Checking MMC...Done.
Checking LBRatio...Done.
Checking LBWsum...Done.
Checking Mixed...Done.
All checks successfully completed.
=========================================

=========================================
Testing file 50n100m2k0.05miss0.01err600sec_23.m...
Checking MMC...Done.
Checking LBRatio...Done.
Checking LBWsum...Done.
Checking Mixed...Done.
All checks successfully completed.
=========================================

=========================================
Testing file 50n100m2k0.05miss0.01err600sec_24.m...
Checking MMC...Done.
Checking LBRatio...Done.
Checking LBWsum...Done.
Checking Mixed...Done.
All checks successfully completed.
=========================================

=========================================
Testing file 50n100m2k0.05miss0.01err600sec_25.m...
Checking MMC...Done.
Checking LBRatio...Done.
Checking LBWsum...Done.
Checking Mixed...Done.
All checks successfully completed.
=========================================

=========================================
Testing file 50n100m2k0.05miss0.01err600sec_26.m...
Checking MMC...Done.
Checking LBRatio...Done.
Checking LBWsum...Done.
Checking Mixed...Done.
All checks successfully completed.
=========================================

=========================================
Testing file 50n100m2k0.05miss0.01err600sec_27.m...
Checking MMC...Done.
Checking LBRatio...Done.
Checking LBWsum...Done.
Checking Mixed...Done.
All checks successfully completed.
=========================================

=========================================
Testing file 50n100m2k0.05miss0.01err600sec_28.m...
Checking MMC...Done.
Checking LBRatio...Done.
Checking LBWsum...Done.
Checking Mixed...Done.
All checks successfully completed.
=========================================

=========================================
Testing file 50n100m2k0.05miss0.01err600sec_29.m...
Checking MMC...Done.
Checking LBRatio...Done.
Checking LBWsum...Done.
Checking Mixed...Done.
All checks successfully completed.
=========================================

=========================================
Testing file 50n100m2k0.05miss0.01err600sec_2.m...
Checking MMC...Done.
Checking LBRatio...Done.
Checking LBWsum...Done.
Checking Mixed...Done.
All checks successfully completed.
=========================================

=========================================
Testing file 50n100m2k0.05miss0.01err600sec_30.m...
Checking MMC...Done.
Checking LBRatio...Done.
Checking LBWsum...Done.
Checking Mixed...Done.
All checks successfully completed.
=========================================

=========================================
Testing file 50n100m2k0.05miss0.01err600sec_31.m...
Checking MMC...Done.
Checking LBRatio...Done.
Checking LBWsum...Done.
Checking Mixed...Done.
All checks successfully completed.
=========================================

=========================================
Testing file 50n100m2k0.05miss0.01err600sec_32.m...
Checking MMC...Done.
Checking LBRatio...Done.
Checking LBWsum...Done.
Checking Mixed...Done.
All checks successfully completed.
=========================================

=========================================
Testing file 50n100m2k0.05miss0.01err600sec_33.m...
Checking MMC...Done.
Checking LBRatio...Done.
Checking LBWsum...Done.
Checking Mixed...Done.
All checks successfully completed.
=========================================

=========================================
Testing file 50n100m2k0.05miss0.01err600sec_34.m...
Checking MMC...Done.
Checking LBRatio...Done.
Checking LBWsum...Done.
Checking Mixed...Done.
All checks successfully completed.
=========================================

=========================================
Testing file 50n100m2k0.05miss0.01err600sec_35.m...
Checking MMC...Done.
Checking LBRatio...Done.
Checking LBWsum...Done.
Checking Mixed...Done.
All checks successfully completed.
=========================================

=========================================
Testing file 50n100m2k0.05miss0.01err600sec_36.m...
Checking MMC...Done.
Checking LBRatio...Done.
Checking LBWsum...Done.
Checking Mixed...Done.
All checks successfully completed.
=========================================

=========================================
Testing file 50n100m2k0.05miss0.01err600sec_37.m...
Checking MMC...Done.
Checking LBRatio...Done.
Checking LBWsum...Done.
Checking Mixed...Done.
All checks successfully completed.
=========================================

=========================================
Testing file 50n100m2k0.05miss0.01err600sec_38.m...
Checking MMC...Done.
Checking LBRatio...Done.
Checking LBWsum...Done.
Checking Mixed...Done.
All checks successfully completed.
=========================================

=========================================
Testing file 50n100m2k0.05miss0.01err600sec_39.m...
Checking MMC...Done.
Checking LBRatio...Done.
Checking LBWsum...Done.
Checking Mixed...Done.
All checks successfully completed.
=========================================

=========================================
Testing file 50n100m2k0.05miss0.01err600sec_3.m...
Checking MMC...Done.
Checking LBRatio...Done.
Checking LBWsum...Done.
Checking Mixed...Done.
All checks successfully completed.
=========================================

=========================================
Testing file 50n100m2k0.05miss0.01err600sec_40.m...
Checking MMC...Done.
Checking LBRatio...Done.
Checking LBWsum...Done.
Checking Mixed...Done.
All checks successfully completed.
=========================================

=========================================
Testing file 50n100m2k0.05miss0.01err600sec_41.m...
Checking MMC...Done.
Checking LBRatio...Done.
Checking LBWsum...Done.
Checking Mixed...Done.
All checks successfully completed.
=========================================

=========================================
Testing file 50n100m2k0.05miss0.01err600sec_42.m...
Checking MMC...Done.
Checking LBRatio...Done.
Checking LBWsum...Done.
Checking Mixed...Done.
All checks successfully completed.
=========================================

=========================================
Testing file 50n100m2k0.05miss0.01err600sec_43.m...
Checking MMC...Done.
Checking LBRatio...Done.
Checking LBWsum...Done.
Checking Mixed...Done.
All checks successfully completed.
=========================================

=========================================
Testing file 50n100m2k0.05miss0.01err600sec_44.m...
Checking MMC...Done.
Checking LBRatio...Done.
Checking LBWsum...Done.
Checking Mixed...Done.
All checks successfully completed.
=========================================

=========================================
Testing file 50n100m2k0.05miss0.01err600sec_45.m...
Checking MMC...Done.
Checking LBRatio...Done.
Checking LBWsum...Done.
Checking Mixed...Done.
All checks successfully completed.
=========================================

=========================================
Testing file 50n100m2k0.05miss0.01err600sec_46.m...
Checking MMC...Done.
Checking LBRatio...Done.
Checking LBWsum...Done.
Checking Mixed...Done.
All checks successfully completed.
=========================================

=========================================
Testing file 50n100m2k0.05miss0.01err600sec_47.m...
Checking MMC...Done.
Checking LBRatio...Done.
Checking LBWsum...Done.
Checking Mixed...Done.
All checks successfully completed.
=========================================

=========================================
Testing file 50n100m2k0.05miss0.01err600sec_48.m...
Checking MMC...Done.
Checking LBRatio...Done.
Checking LBWsum...Done.
Checking Mixed...Done.
All checks successfully completed.
=========================================

=========================================
Testing file 50n100m2k0.05miss0.01err600sec_49.m...
Checking MMC...Done.
Checking LBRatio...Done.
Checking LBWsum...Done.
Checking Mixed...Done.
All checks successfully completed.
=========================================

=========================================
Testing file 50n100m2k0.05miss0.01err600sec_4.m...
Checking MMC...Done.
Checking LBRatio...Done.
Checking LBWsum...Done.
Checking Mixed...Done.
All checks successfully completed.
=========================================

=========================================
Testing file 50n100m2k0.05miss0.01err600sec_5.m...
Checking MMC...Done.
Checking LBRatio...Done.
Checking LBWsum...Done.
Checking Mixed...Done.
All checks successfully completed.
=========================================

=========================================
Testing file 50n100m2k0.05miss0.01err600sec_6.m...
Checking MMC...Done.
Checking LBRatio...Done.
Checking LBWsum...Done.
Checking Mixed...Done.
All checks successfully completed.
=========================================

=========================================
Testing file 50n100m2k0.05miss0.01err600sec_7.m...
Checking MMC...Done.
Checking LBRatio...Done.
Checking LBWsum...Done.
Checking Mixed...Done.
All checks successfully completed.
=========================================

=========================================
Testing file 50n100m2k0.05miss0.01err600sec_8.m...
Checking MMC...Done.
Checking LBRatio...Done.
Checking LBWsum...Done.
Checking Mixed...Done.
All checks successfully completed.
=========================================

=========================================
Testing file 50n100m2k0.05miss0.01err600sec_9.m...
Checking MMC...Done.
Checking LBRatio...Done.
Checking LBWsum...Done.
Checking Mixed...Done.
All checks successfully completed.
=========================================

