=========================================
Testing file 50n100m2k0.05miss0.01err600sec_0.m...
Computing separator graph...done.
Computing atoms...done.
There are 18 atoms subgraph(s).
Computing separator graphs of atoms...done.
Check successfully completed: 5599 edges (crossing relations) found.
=========================================

=========================================
Testing file 50n100m2k0.05miss0.01err600sec_10.m...
Computing separator graph...done.
Computing atoms...done.
There are 15 atoms subgraph(s).
Computing separator graphs of atoms...done.
Check successfully completed: 13533 edges (crossing relations) found.
=========================================

=========================================
Testing file 50n100m2k0.05miss0.01err600sec_11.m...
Computing separator graph...done.
Computing atoms...done.
There are 15 atoms subgraph(s).
Computing separator graphs of atoms...done.
Check successfully completed: 7025 edges (crossing relations) found.
=========================================

=========================================
Testing file 50n100m2k0.05miss0.01err600sec_12.m...
Computing separator graph...done.
Computing atoms...done.
There are 18 atoms subgraph(s).
Computing separator graphs of atoms...done.
Check successfully completed: 3580 edges (crossing relations) found.
=========================================

=========================================
Testing file 50n100m2k0.05miss0.01err600sec_13.m...
Computing separator graph...done.
Computing atoms...done.
There are 20 atoms subgraph(s).
Computing separator graphs of atoms...done.
Check successfully completed: 452102 edges (crossing relations) found.
=========================================

=========================================
Testing file 50n100m2k0.05miss0.01err600sec_14.m...
Computing separator graph...done.
Computing atoms...done.
There are 22 atoms subgraph(s).
Computing separator graphs of atoms...done.
Check successfully completed: 21964 edges (crossing relations) found.
=========================================

=========================================
Testing file 50n100m2k0.05miss0.01err600sec_15.m...
Computing separator graph...done.
Computing atoms...done.
There are 18 atoms subgraph(s).
Computing separator graphs of atoms...done.
Check successfully completed: 64482 edges (crossing relations) found.
=========================================

=========================================
Testing file 50n100m2k0.05miss0.01err600sec_16.m...
Computing separator graph...done.
Computing atoms...done.
There are 14 atoms subgraph(s).
Computing separator graphs of atoms...done.
Check successfully completed: 814521 edges (crossing relations) found.
=========================================

=========================================
Testing file 50n100m2k0.05miss0.01err600sec_17.m...
Computing separator graph...done.
Computing atoms...done.
There are 12 atoms subgraph(s).
Computing separator graphs of atoms...done.
Check successfully completed: 868 edges (crossing relations) found.
=========================================

=========================================
Testing file 50n100m2k0.05miss0.01err600sec_18.m...
Computing separator graph...done.
Computing atoms...done.
There are 12 atoms subgraph(s).
Computing separator graphs of atoms...done.
Check successfully completed: 3439 edges (crossing relations) found.
=========================================

=========================================
Testing file 50n100m2k0.05miss0.01err600sec_19.m...
Computing separator graph...done.
Computing atoms...done.
There are 19 atoms subgraph(s).
Computing separator graphs of atoms...done.
Check successfully completed: 11436 edges (crossing relations) found.
=========================================

=========================================
Testing file 50n100m2k0.05miss0.01err600sec_1.m...
Computing separator graph...done.
Computing atoms...done.
There are 18 atoms subgraph(s).
Computing separator graphs of atoms...done.
Check successfully completed: 29729 edges (crossing relations) found.
=========================================

=========================================
Testing file 50n100m2k0.05miss0.01err600sec_20.m...
Computing separator graph...done.
Computing atoms...done.
There are 16 atoms subgraph(s).
Computing separator graphs of atoms...done.
Check successfully completed: 45190 edges (crossing relations) found.
=========================================

=========================================
Testing file 50n100m2k0.05miss0.01err600sec_21.m...
Computing separator graph...done.
Computing atoms...done.
There are 19 atoms subgraph(s).
Computing separator graphs of atoms...done.
Check successfully completed: 269 edges (crossing relations) found.
=========================================

=========================================
Testing file 50n100m2k0.05miss0.01err600sec_22.m...
Computing separator graph...done.
Computing atoms...done.
There are 7 atoms subgraph(s).
Computing separator graphs of atoms...done.
Check successfully completed: 2694 edges (crossing relations) found.
=========================================

=========================================
Testing file 50n100m2k0.05miss0.01err600sec_23.m...
Computing separator graph...done.
Computing atoms...done.
There are 18 atoms subgraph(s).
Computing separator graphs of atoms...done.
Check successfully completed: 3599 edges (crossing relations) found.
=========================================

=========================================
Testing file 50n100m2k0.05miss0.01err600sec_24.m...
Computing separator graph...done.
Computing atoms...done.
There are 8 atoms subgraph(s).
Computing separator graphs of atoms...done.
Check successfully completed: 9776 edges (crossing relations) found.
=========================================

=========================================
Testing file 50n100m2k0.05miss0.01err600sec_25.m...
Computing separator graph...done.
Computing atoms...done.
There are 18 atoms subgraph(s).
Computing separator graphs of atoms...done.
Check successfully completed: 8573 edges (crossing relations) found.
=========================================

=========================================
Testing file 50n100m2k0.05miss0.01err600sec_26.m...
Computing separator graph...done.
Computing atoms...done.
There are 14 atoms subgraph(s).
Computing separator graphs of atoms...done.
Check successfully completed: 2870 edges (crossing relations) found.
=========================================

=========================================
Testing file 50n100m2k0.05miss0.01err600sec_27.m...
Computing separator graph...done.
Computing atoms...done.
There are 12 atoms subgraph(s).
Computing separator graphs of atoms...done.
Check successfully completed: 1694 edges (crossing relations) found.
=========================================

=========================================
Testing file 50n100m2k0.05miss0.01err600sec_28.m...
Computing separator graph...done.
Computing atoms...done.
There are 11 atoms subgraph(s).
Computing separator graphs of atoms...done.
Check successfully completed: 566 edges (crossing relations) found.
=========================================

=========================================
Testing file 50n100m2k0.05miss0.01err600sec_29.m...
Computing separator graph...done.
Computing atoms...done.
There are 18 atoms subgraph(s).
Computing separator graphs of atoms...done.
Check successfully completed: 31721 edges (crossing relations) found.
=========================================

=========================================
Testing file 50n100m2k0.05miss0.01err600sec_2.m...
Computing separator graph...done.
Computing atoms...done.
There are 22 atoms subgraph(s).
Computing separator graphs of atoms...done.
Check successfully completed: 90021 edges (crossing relations) found.
=========================================

=========================================
Testing file 50n100m2k0.05miss0.01err600sec_30.m...
Computing separator graph...done.
Computing atoms...done.
There are 16 atoms subgraph(s).
Computing separator graphs of atoms...done.
Check successfully completed: 108993 edges (crossing relations) found.
=========================================

=========================================
Testing file 50n100m2k0.05miss0.01err600sec_31.m...
Computing separator graph...done.
Computing atoms...done.
There are 18 atoms subgraph(s).
Computing separator graphs of atoms...done.
Check successfully completed: 32756 edges (crossing relations) found.
=========================================

=========================================
Testing file 50n100m2k0.05miss0.01err600sec_32.m...
Computing separator graph...done.
Computing atoms...done.
There are 17 atoms subgraph(s).
Computing separator graphs of atoms...done.
Check successfully completed: 7458 edges (crossing relations) found.
=========================================

=========================================
Testing file 50n100m2k0.05miss0.01err600sec_33.m...
Computing separator graph...done.
Computing atoms...done.
There are 14 atoms subgraph(s).
Computing separator graphs of atoms...done.
Check successfully completed: 2576 edges (crossing relations) found.
=========================================

=========================================
Testing file 50n100m2k0.05miss0.01err600sec_34.m...
Computing separator graph...done.
Computing atoms...done.
There are 12 atoms subgraph(s).
Computing separator graphs of atoms...done.
Check successfully completed: 3160 edges (crossing relations) found.
=========================================

=========================================
Testing file 50n100m2k0.05miss0.01err600sec_35.m...
Computing separator graph...done.
Computing atoms...done.
There are 9 atoms subgraph(s).
Computing separator graphs of atoms...done.
Check successfully completed: 7236 edges (crossing relations) found.
=========================================

=========================================
Testing file 50n100m2k0.05miss0.01err600sec_36.m...
Computing separator graph...done.
Computing atoms...done.
There are 20 atoms subgraph(s).
Computing separator graphs of atoms...done.
Check successfully completed: 48322 edges (crossing relations) found.
=========================================

=========================================
Testing file 50n100m2k0.05miss0.01err600sec_37.m...
Computing separator graph...done.
Computing atoms...done.
There are 17 atoms subgraph(s).
Computing separator graphs of atoms...done.
Check successfully completed: 772 edges (crossing relations) found.
=========================================

=========================================
Testing file 50n100m2k0.05miss0.01err600sec_38.m...
Computing separator graph...done.
Computing atoms...done.
There are 21 atoms subgraph(s).
Computing separator graphs of atoms...done.
Check successfully completed: 761 edges (crossing relations) found.
=========================================

=========================================
Testing file 50n100m2k0.05miss0.01err600sec_39.m...
Computing separator graph...done.
Computing atoms...done.
There are 18 atoms subgraph(s).
Computing separator graphs of atoms...done.
Check successfully completed: 71494 edges (crossing relations) found.
=========================================

=========================================
Testing file 50n100m2k0.05miss0.01err600sec_3.m...
Computing separator graph...done.
Computing atoms...done.
There are 20 atoms subgraph(s).
Computing separator graphs of atoms...done.
Check successfully completed: 128250 edges (crossing relations) found.
=========================================

=========================================
Testing file 50n100m2k0.05miss0.01err600sec_40.m...
Computing separator graph...done.
Computing atoms...done.
There are 14 atoms subgraph(s).
Computing separator graphs of atoms...done.
Check successfully completed: 333500 edges (crossing relations) found.
=========================================

=========================================
Testing file 50n100m2k0.05miss0.01err600sec_41.m...
Computing separator graph...done.
Computing atoms...done.
There are 20 atoms subgraph(s).
Computing separator graphs of atoms...done.
Check successfully completed: 32857 edges (crossing relations) found.
=========================================

=========================================
Testing file 50n100m2k0.05miss0.01err600sec_42.m...
Computing separator graph...done.
Computing atoms...done.
There are 20 atoms subgraph(s).
Computing separator graphs of atoms...done.
Check successfully completed: 1969 edges (crossing relations) found.
=========================================

=========================================
Testing file 50n100m2k0.05miss0.01err600sec_43.m...
Computing separator graph...done.
Computing atoms...done.
There are 18 atoms subgraph(s).
Computing separator graphs of atoms...done.
Check successfully completed: 2582 edges (crossing relations) found.
=========================================

=========================================
Testing file 50n100m2k0.05miss0.01err600sec_44.m...
Computing separator graph...done.
Computing atoms...done.
There are 13 atoms subgraph(s).
Computing separator graphs of atoms...done.
Check successfully completed: 453 edges (crossing relations) found.
=========================================

=========================================
Testing file 50n100m2k0.05miss0.01err600sec_45.m...
Computing separator graph...done.
Computing atoms...done.
There are 15 atoms subgraph(s).
Computing separator graphs of atoms...done.
Check successfully completed: 3772 edges (crossing relations) found.
=========================================

=========================================
Testing file 50n100m2k0.05miss0.01err600sec_46.m...
Computing separator graph...done.
Computing atoms...done.
There are 13 atoms subgraph(s).
Computing separator graphs of atoms...done.
Check successfully completed: 242151 edges (crossing relations) found.
=========================================

=========================================
Testing file 50n100m2k0.05miss0.01err600sec_47.m...
Computing separator graph...done.
Computing atoms...done.
There are 20 atoms subgraph(s).
Computing separator graphs of atoms...done.
Check successfully completed: 10432 edges (crossing relations) found.
=========================================

=========================================
Testing file 50n100m2k0.05miss0.01err600sec_48.m...
Computing separator graph...done.
Computing atoms...done.
There are 24 atoms subgraph(s).
Computing separator graphs of atoms...done.
Check successfully completed: 1353 edges (crossing relations) found.
=========================================

=========================================
Testing file 50n100m2k0.05miss0.01err600sec_49.m...
Computing separator graph...done.
Computing atoms...done.
There are 19 atoms subgraph(s).
Computing separator graphs of atoms...done.
Check successfully completed: 14283 edges (crossing relations) found.
=========================================

=========================================
Testing file 50n100m2k0.05miss0.01err600sec_4.m...
Computing separator graph...done.
Computing atoms...done.
There are 16 atoms subgraph(s).
Computing separator graphs of atoms...done.
Check successfully completed: 22295 edges (crossing relations) found.
=========================================

=========================================
Testing file 50n100m2k0.05miss0.01err600sec_5.m...
Computing separator graph...done.
Computing atoms...done.
There are 14 atoms subgraph(s).
Computing separator graphs of atoms...done.
Check successfully completed: 159348 edges (crossing relations) found.
=========================================

=========================================
Testing file 50n100m2k0.05miss0.01err600sec_6.m...
Computing separator graph...done.
Computing atoms...done.
There are 15 atoms subgraph(s).
Computing separator graphs of atoms...done.
Check successfully completed: 1074772 edges (crossing relations) found.
=========================================

=========================================
Testing file 50n100m2k0.05miss0.01err600sec_7.m...
Computing separator graph...done.
Computing atoms...done.
There are 7 atoms subgraph(s).
Computing separator graphs of atoms...done.
Check successfully completed: 22061 edges (crossing relations) found.
=========================================

=========================================
Testing file 50n100m2k0.05miss0.01err600sec_8.m...
Computing separator graph...done.
Computing atoms...done.
There are 18 atoms subgraph(s).
Computing separator graphs of atoms...done.
Check successfully completed: 19979 edges (crossing relations) found.
=========================================

=========================================
Testing file 50n100m2k0.05miss0.01err600sec_9.m...
Computing separator graph...done.
Computing atoms...done.
There are 18 atoms subgraph(s).
Computing separator graphs of atoms...done.
Check successfully completed: 11316 edges (crossing relations) found.
=========================================

