=========================================
Testing file 20n30m2k0.05miss0.05err_0.m...
Checking MMC...Done.
Checking LBRatio...Done.
Checking LBWsum...Done.
Checking Mixed...Done.
All checks successfully completed.
=========================================

=========================================
Testing file 20n30m2k0.05miss0.05err_10.m...
Checking MMC...Done.
Checking LBRatio...Done.
Checking LBWsum...Done.
Checking Mixed...Done.
All checks successfully completed.
=========================================

=========================================
Testing file 20n30m2k0.05miss0.05err_11.m...
Checking MMC...Done.
Checking LBRatio...Done.
Checking LBWsum...Done.
Checking Mixed...Done.
All checks successfully completed.
=========================================

=========================================
Testing file 20n30m2k0.05miss0.05err_12.m...
Checking MMC...Done.
Checking LBRatio...Done.
Checking LBWsum...Done.
Checking Mixed...Done.
All checks successfully completed.
=========================================

=========================================
Testing file 20n30m2k0.05miss0.05err_13.m...
Checking MMC...Done.
Checking LBRatio...Done.
Checking LBWsum...Done.
Checking Mixed...Done.
All checks successfully completed.
=========================================

=========================================
Testing file 20n30m2k0.05miss0.05err_14.m...
Checking MMC...Done.
Checking LBRatio...Done.
Checking LBWsum...Done.
Checking Mixed...Done.
All checks successfully completed.
=========================================

=========================================
Testing file 20n30m2k0.05miss0.05err_15.m...
Checking MMC...Done.
Checking LBRatio...Done.
Checking LBWsum...Done.
Checking Mixed...Done.
All checks successfully completed.
=========================================

=========================================
Testing file 20n30m2k0.05miss0.05err_16.m...
Checking MMC...Done.
Checking LBRatio...Done.
Checking LBWsum...Done.
Checking Mixed...Done.
All checks successfully completed.
=========================================

=========================================
Testing file 20n30m2k0.05miss0.05err_17.m...
Checking MMC...Done.
Checking LBRatio...Done.
Checking LBWsum...Done.
Checking Mixed...Done.
All checks successfully completed.
=========================================

=========================================
Testing file 20n30m2k0.05miss0.05err_18.m...
Checking MMC...Done.
Checking LBRatio...Done.
Checking LBWsum...Done.
Checking Mixed...Done.
All checks successfully completed.
=========================================

=========================================
Testing file 20n30m2k0.05miss0.05err_19.m...
Checking MMC...Done.
Checking LBRatio...Done.
Checking LBWsum...Done.
Checking Mixed...Done.
All checks successfully completed.
=========================================

=========================================
Testing file 20n30m2k0.05miss0.05err_1.m...
Checking MMC...Done.
Checking LBRatio...Done.
Checking LBWsum...Done.
Checking Mixed...Done.
All checks successfully completed.
=========================================

=========================================
Testing file 20n30m2k0.05miss0.05err_20.m...
Checking MMC...Done.
Checking LBRatio...Done.
Checking LBWsum...Done.
Checking Mixed...Done.
All checks successfully completed.
=========================================

=========================================
Testing file 20n30m2k0.05miss0.05err_21.m...
Checking MMC...Done.
Checking LBRatio...Done.
Checking LBWsum...Done.
Checking Mixed...Done.
All checks successfully completed.
=========================================

=========================================
Testing file 20n30m2k0.05miss0.05err_22.m...
Checking MMC...Done.
Checking LBRatio...Done.
Checking LBWsum...Done.
Checking Mixed...Done.
All checks successfully completed.
=========================================

=========================================
Testing file 20n30m2k0.05miss0.05err_23.m...
Checking MMC...Done.
Checking LBRatio...Done.
Checking LBWsum...Done.
Checking Mixed...Done.
All checks successfully completed.
=========================================

=========================================
Testing file 20n30m2k0.05miss0.05err_24.m...
Checking MMC...Done.
Checking LBRatio...Done.
Checking LBWsum...Done.
Checking Mixed...Done.
All checks successfully completed.
=========================================

=========================================
Testing file 20n30m2k0.05miss0.05err_25.m...
Checking MMC...Done.
Checking LBRatio...Done.
Checking LBWsum...Done.
Checking Mixed...Done.
All checks successfully completed.
=========================================

=========================================
Testing file 20n30m2k0.05miss0.05err_26.m...
Checking MMC...Done.
Checking LBRatio...Done.
Checking LBWsum...Done.
Checking Mixed...Done.
All checks successfully completed.
=========================================

=========================================
Testing file 20n30m2k0.05miss0.05err_27.m...
Checking MMC...Done.
Checking LBRatio...Done.
Checking LBWsum...Done.
Checking Mixed...Done.
All checks successfully completed.
=========================================

=========================================
Testing file 20n30m2k0.05miss0.05err_28.m...
Checking MMC...Done.
Checking LBRatio...Done.
Checking LBWsum...Done.
Checking Mixed...Done.
All checks successfully completed.
=========================================

=========================================
Testing file 20n30m2k0.05miss0.05err_29.m...
Checking MMC...Done.
Checking LBRatio...Done.
Checking LBWsum...Done.
Checking Mixed...Done.
All checks successfully completed.
=========================================

=========================================
Testing file 20n30m2k0.05miss0.05err_2.m...
Checking MMC...Done.
Checking LBRatio...Done.
Checking LBWsum...Done.
Checking Mixed...Done.
All checks successfully completed.
=========================================

=========================================
Testing file 20n30m2k0.05miss0.05err_3.m...
Checking MMC...Done.
Checking LBRatio...Done.
Checking LBWsum...Done.
Checking Mixed...Done.
All checks successfully completed.
=========================================

=========================================
Testing file 20n30m2k0.05miss0.05err_4.m...
Checking MMC...Done.
Checking LBRatio...Done.
Checking LBWsum...Done.
Checking Mixed...Done.
All checks successfully completed.
=========================================

=========================================
Testing file 20n30m2k0.05miss0.05err_5.m...
Checking MMC...Done.
Checking LBRatio...Done.
Checking LBWsum...Done.
Checking Mixed...Done.
All checks successfully completed.
=========================================

=========================================
Testing file 20n30m2k0.05miss0.05err_6.m...
Checking MMC...Done.
Checking LBRatio...Done.
Checking LBWsum...Done.
Checking Mixed...Done.
All checks successfully completed.
=========================================

=========================================
Testing file 20n30m2k0.05miss0.05err_7.m...
Checking MMC...Done.
Checking LBRatio...Done.
Checking LBWsum...Done.
Checking Mixed...Done.
All checks successfully completed.
=========================================

=========================================
Testing file 20n30m2k0.05miss0.05err_8.m...
Checking MMC...Done.
Checking LBRatio...Done.
Checking LBWsum...Done.
Checking Mixed...Done.
All checks successfully completed.
=========================================

=========================================
Testing file 20n30m2k0.05miss0.05err_9.m...
Checking MMC...Done.
Checking LBRatio...Done.
Checking LBWsum...Done.
Checking Mixed...Done.
All checks successfully completed.
=========================================

