=========================================
Testing file 20n30m2k0.05miss0.05err_0.m...
There are 1 connected component(s).
Computing minfill of connected components...done.
Computing atoms...done.
There are 5 atom subgraph(s).
Computing minfill of atom subgraphs...done.

Check successfully completed: graph has minfill 16
=========================================

=========================================
Testing file 20n30m2k0.05miss0.05err_10.m...
There are 1 connected component(s).
Computing minfill of connected components...done.
Computing atoms...done.
There are 7 atom subgraph(s).
Computing minfill of atom subgraphs...done.

Check successfully completed: graph has minfill 10
=========================================

=========================================
Testing file 20n30m2k0.05miss0.05err_11.m...
There are 1 connected component(s).
Computing minfill of connected components...done.
Computing atoms...done.
There are 5 atom subgraph(s).
Computing minfill of atom subgraphs...done.

Check successfully completed: graph has minfill 19
=========================================

=========================================
Testing file 20n30m2k0.05miss0.05err_12.m...
There are 1 connected component(s).
Computing minfill of connected components...done.
Computing atoms...done.
There are 7 atom subgraph(s).
Computing minfill of atom subgraphs...done.

Check successfully completed: graph has minfill 28
=========================================

=========================================
Testing file 20n30m2k0.05miss0.05err_13.m...
There are 1 connected component(s).
Computing minfill of connected components...done.
Computing atoms...done.
There are 6 atom subgraph(s).
Computing minfill of atom subgraphs...done.

Check successfully completed: graph has minfill 23
=========================================

=========================================
Testing file 20n30m2k0.05miss0.05err_14.m...
There are 1 connected component(s).
Computing minfill of connected components...done.
Computing atoms...done.
There are 7 atom subgraph(s).
Computing minfill of atom subgraphs...done.

Check successfully completed: graph has minfill 16
=========================================

=========================================
Testing file 20n30m2k0.05miss0.05err_15.m...
There are 1 connected component(s).
Computing minfill of connected components...done.
Computing atoms...done.
There are 6 atom subgraph(s).
Computing minfill of atom subgraphs...done.

Check successfully completed: graph has minfill 31
=========================================

=========================================
Testing file 20n30m2k0.05miss0.05err_16.m...
There are 1 connected component(s).
Computing minfill of connected components...done.
Computing atoms...done.
There are 4 atom subgraph(s).
Computing minfill of atom subgraphs...done.

Check successfully completed: graph has minfill 19
=========================================

=========================================
Testing file 20n30m2k0.05miss0.05err_17.m...
There are 1 connected component(s).
Computing minfill of connected components...done.
Computing atoms...done.
There are 6 atom subgraph(s).
Computing minfill of atom subgraphs...done.

Check successfully completed: graph has minfill 20
=========================================

=========================================
Testing file 20n30m2k0.05miss0.05err_18.m...
There are 1 connected component(s).
Computing minfill of connected components...done.
Computing atoms...done.
There are 9 atom subgraph(s).
Computing minfill of atom subgraphs...done.

Check successfully completed: graph has minfill 11
=========================================

=========================================
Testing file 20n30m2k0.05miss0.05err_19.m...
There are 1 connected component(s).
Computing minfill of connected components...done.
Computing atoms...done.
There are 5 atom subgraph(s).
Computing minfill of atom subgraphs...done.

Check successfully completed: graph has minfill 16
=========================================

=========================================
Testing file 20n30m2k0.05miss0.05err_1.m...
There are 1 connected component(s).
Computing minfill of connected components...done.
Computing atoms...done.
There are 5 atom subgraph(s).
Computing minfill of atom subgraphs...done.

Check successfully completed: graph has minfill 17
=========================================

=========================================
Testing file 20n30m2k0.05miss0.05err_20.m...
There are 1 connected component(s).
Computing minfill of connected components...done.
Computing atoms...done.
There are 8 atom subgraph(s).
Computing minfill of atom subgraphs...done.

Check successfully completed: graph has minfill 19
=========================================

=========================================
Testing file 20n30m2k0.05miss0.05err_21.m...
There are 1 connected component(s).
Computing minfill of connected components...done.
Computing atoms...done.
There are 5 atom subgraph(s).
Computing minfill of atom subgraphs...done.

Check successfully completed: graph has minfill 9
=========================================

=========================================
Testing file 20n30m2k0.05miss0.05err_22.m...
There are 1 connected component(s).
Computing minfill of connected components...done.
Computing atoms...done.
There are 7 atom subgraph(s).
Computing minfill of atom subgraphs...done.

Check successfully completed: graph has minfill 22
=========================================

=========================================
Testing file 20n30m2k0.05miss0.05err_23.m...
There are 1 connected component(s).
Computing minfill of connected components...done.
Computing atoms...done.
There are 7 atom subgraph(s).
Computing minfill of atom subgraphs...done.

Check successfully completed: graph has minfill 26
=========================================

=========================================
Testing file 20n30m2k0.05miss0.05err_24.m...
There are 1 connected component(s).
Computing minfill of connected components...done.
Computing atoms...done.
There are 7 atom subgraph(s).
Computing minfill of atom subgraphs...done.

Check successfully completed: graph has minfill 8
=========================================

=========================================
Testing file 20n30m2k0.05miss0.05err_25.m...
There are 1 connected component(s).
Computing minfill of connected components...done.
Computing atoms...done.
There are 7 atom subgraph(s).
Computing minfill of atom subgraphs...done.

Check successfully completed: graph has minfill 36
=========================================

=========================================
Testing file 20n30m2k0.05miss0.05err_26.m...
There are 1 connected component(s).
Computing minfill of connected components...done.
Computing atoms...done.
There are 6 atom subgraph(s).
Computing minfill of atom subgraphs...done.

Check successfully completed: graph has minfill 19
=========================================

=========================================
Testing file 20n30m2k0.05miss0.05err_27.m...
There are 1 connected component(s).
Computing minfill of connected components...done.
Computing atoms...done.
There are 7 atom subgraph(s).
Computing minfill of atom subgraphs...done.

Check successfully completed: graph has minfill 6
=========================================

=========================================
Testing file 20n30m2k0.05miss0.05err_28.m...
There are 1 connected component(s).
Computing minfill of connected components...done.
Computing atoms...done.
There are 5 atom subgraph(s).
Computing minfill of atom subgraphs...done.

Check successfully completed: graph has minfill 27
=========================================

=========================================
Testing file 20n30m2k0.05miss0.05err_29.m...
There are 1 connected component(s).
Computing minfill of connected components...done.
Computing atoms...done.
There are 6 atom subgraph(s).
Computing minfill of atom subgraphs...done.

Check successfully completed: graph has minfill 19
=========================================

=========================================
Testing file 20n30m2k0.05miss0.05err_2.m...
There are 1 connected component(s).
Computing minfill of connected components...done.
Computing atoms...done.
There are 4 atom subgraph(s).
Computing minfill of atom subgraphs...done.

Check successfully completed: graph has minfill 32
=========================================

=========================================
Testing file 20n30m2k0.05miss0.05err_3.m...
There are 1 connected component(s).
Computing minfill of connected components...done.
Computing atoms...done.
There are 7 atom subgraph(s).
Computing minfill of atom subgraphs...done.

Check successfully completed: graph has minfill 30
=========================================

=========================================
Testing file 20n30m2k0.05miss0.05err_4.m...
There are 1 connected component(s).
Computing minfill of connected components...done.
Computing atoms...done.
There are 5 atom subgraph(s).
Computing minfill of atom subgraphs...done.

Check successfully completed: graph has minfill 16
=========================================

=========================================
Testing file 20n30m2k0.05miss0.05err_5.m...
There are 1 connected component(s).
Computing minfill of connected components...done.
Computing atoms...done.
There are 7 atom subgraph(s).
Computing minfill of atom subgraphs...done.

Check successfully completed: graph has minfill 35
=========================================

=========================================
Testing file 20n30m2k0.05miss0.05err_6.m...
There are 1 connected component(s).
Computing minfill of connected components...done.
Computing atoms...done.
There are 6 atom subgraph(s).
Computing minfill of atom subgraphs...done.

Check successfully completed: graph has minfill 10
=========================================

=========================================
Testing file 20n30m2k0.05miss0.05err_7.m...
There are 1 connected component(s).
Computing minfill of connected components...done.
Computing atoms...done.
There are 6 atom subgraph(s).
Computing minfill of atom subgraphs...done.

Check successfully completed: graph has minfill 17
=========================================

=========================================
Testing file 20n30m2k0.05miss0.05err_8.m...
There are 1 connected component(s).
Computing minfill of connected components...done.
Computing atoms...done.
There are 4 atom subgraph(s).
Computing minfill of atom subgraphs...done.

Check successfully completed: graph has minfill 6
=========================================

=========================================
Testing file 20n30m2k0.05miss0.05err_9.m...
There are 1 connected component(s).
Computing minfill of connected components...done.
Computing atoms...done.
There are 7 atom subgraph(s).
Computing minfill of atom subgraphs...done.

Check successfully completed: graph has minfill 22
=========================================

