=========================================
Testing file 20n30m2k0.05miss0.05err_0.m...
There are 1 connected component(s).
Computing potential maxcliques of connected components...done.
Computing atoms...done.
There are 5 atom subgraph(s).
Computing potential maxcliques of atom subgraphs...done.

Check successfully completed: 31 potential maxcliques found.
=========================================

=========================================
Testing file 20n30m2k0.05miss0.05err_10.m...
There are 1 connected component(s).
Computing potential maxcliques of connected components...done.
Computing atoms...done.
There are 7 atom subgraph(s).
Computing potential maxcliques of atom subgraphs...done.

Check successfully completed: 34 potential maxcliques found.
=========================================

=========================================
Testing file 20n30m2k0.05miss0.05err_11.m...
There are 1 connected component(s).
Computing potential maxcliques of connected components...done.
Computing atoms...done.
There are 5 atom subgraph(s).
Computing potential maxcliques of atom subgraphs...done.

Check successfully completed: 50 potential maxcliques found.
=========================================

=========================================
Testing file 20n30m2k0.05miss0.05err_12.m...
There are 1 connected component(s).
Computing potential maxcliques of connected components...done.
Computing atoms...done.
There are 7 atom subgraph(s).
Computing potential maxcliques of atom subgraphs...done.

Check successfully completed: 79 potential maxcliques found.
=========================================

=========================================
Testing file 20n30m2k0.05miss0.05err_13.m...
There are 1 connected component(s).
Computing potential maxcliques of connected components...done.
Computing atoms...done.
There are 6 atom subgraph(s).
Computing potential maxcliques of atom subgraphs...done.

Check successfully completed: 69 potential maxcliques found.
=========================================

=========================================
Testing file 20n30m2k0.05miss0.05err_14.m...
There are 1 connected component(s).
Computing potential maxcliques of connected components...done.
Computing atoms...done.
There are 7 atom subgraph(s).
Computing potential maxcliques of atom subgraphs...done.

Check successfully completed: 49 potential maxcliques found.
=========================================

=========================================
Testing file 20n30m2k0.05miss0.05err_15.m...
There are 1 connected component(s).
Computing potential maxcliques of connected components...done.
Computing atoms...done.
There are 6 atom subgraph(s).
Computing potential maxcliques of atom subgraphs...done.

Check successfully completed: 76 potential maxcliques found.
=========================================

=========================================
Testing file 20n30m2k0.05miss0.05err_16.m...
There are 1 connected component(s).
Computing potential maxcliques of connected components...done.
Computing atoms...done.
There are 4 atom subgraph(s).
Computing potential maxcliques of atom subgraphs...done.

Check successfully completed: 61 potential maxcliques found.
=========================================

=========================================
Testing file 20n30m2k0.05miss0.05err_17.m...
There are 1 connected component(s).
Computing potential maxcliques of connected components...done.
Computing atoms...done.
There are 6 atom subgraph(s).
Computing potential maxcliques of atom subgraphs...done.

Check successfully completed: 63 potential maxcliques found.
=========================================

=========================================
Testing file 20n30m2k0.05miss0.05err_18.m...
There are 1 connected component(s).
Computing potential maxcliques of connected components...done.
Computing atoms...done.
There are 9 atom subgraph(s).
Computing potential maxcliques of atom subgraphs...done.

Check successfully completed: 30 potential maxcliques found.
=========================================

=========================================
Testing file 20n30m2k0.05miss0.05err_19.m...
There are 1 connected component(s).
Computing potential maxcliques of connected components...done.
Computing atoms...done.
There are 5 atom subgraph(s).
Computing potential maxcliques of atom subgraphs...done.

Check successfully completed: 29 potential maxcliques found.
=========================================

=========================================
Testing file 20n30m2k0.05miss0.05err_1.m...
There are 1 connected component(s).
Computing potential maxcliques of connected components...done.
Computing atoms...done.
There are 5 atom subgraph(s).
Computing potential maxcliques of atom subgraphs...done.

Check successfully completed: 45 potential maxcliques found.
=========================================

=========================================
Testing file 20n30m2k0.05miss0.05err_20.m...
There are 1 connected component(s).
Computing potential maxcliques of connected components...done.
Computing atoms...done.
There are 8 atom subgraph(s).
Computing potential maxcliques of atom subgraphs...done.

Check successfully completed: 52 potential maxcliques found.
=========================================

=========================================
Testing file 20n30m2k0.05miss0.05err_21.m...
There are 1 connected component(s).
Computing potential maxcliques of connected components...done.
Computing atoms...done.
There are 5 atom subgraph(s).
Computing potential maxcliques of atom subgraphs...done.

Check successfully completed: 27 potential maxcliques found.
=========================================

=========================================
Testing file 20n30m2k0.05miss0.05err_22.m...
There are 1 connected component(s).
Computing potential maxcliques of connected components...done.
Computing atoms...done.
There are 7 atom subgraph(s).
Computing potential maxcliques of atom subgraphs...done.

Check successfully completed: 80 potential maxcliques found.
=========================================

=========================================
Testing file 20n30m2k0.05miss0.05err_23.m...
There are 1 connected component(s).
Computing potential maxcliques of connected components...done.
Computing atoms...done.
There are 7 atom subgraph(s).
Computing potential maxcliques of atom subgraphs...done.

Check successfully completed: 113 potential maxcliques found.
=========================================

=========================================
Testing file 20n30m2k0.05miss0.05err_24.m...
There are 1 connected component(s).
Computing potential maxcliques of connected components...done.
Computing atoms...done.
There are 7 atom subgraph(s).
Computing potential maxcliques of atom subgraphs...done.

Check successfully completed: 22 potential maxcliques found.
=========================================

=========================================
Testing file 20n30m2k0.05miss0.05err_25.m...
There are 1 connected component(s).
Computing potential maxcliques of connected components...done.
Computing atoms...done.
There are 7 atom subgraph(s).
Computing potential maxcliques of atom subgraphs...done.

Check successfully completed: 95 potential maxcliques found.
=========================================

=========================================
Testing file 20n30m2k0.05miss0.05err_26.m...
There are 1 connected component(s).
Computing potential maxcliques of connected components...done.
Computing atoms...done.
There are 6 atom subgraph(s).
Computing potential maxcliques of atom subgraphs...done.

Check successfully completed: 44 potential maxcliques found.
=========================================

=========================================
Testing file 20n30m2k0.05miss0.05err_27.m...
There are 1 connected component(s).
Computing potential maxcliques of connected components...done.
Computing atoms...done.
There are 7 atom subgraph(s).
Computing potential maxcliques of atom subgraphs...done.

Check successfully completed: 20 potential maxcliques found.
=========================================

=========================================
Testing file 20n30m2k0.05miss0.05err_28.m...
There are 1 connected component(s).
Computing potential maxcliques of connected components...done.
Computing atoms...done.
There are 5 atom subgraph(s).
Computing potential maxcliques of atom subgraphs...done.

Check successfully completed: 89 potential maxcliques found.
=========================================

=========================================
Testing file 20n30m2k0.05miss0.05err_29.m...
There are 1 connected component(s).
Computing potential maxcliques of connected components...done.
Computing atoms...done.
There are 6 atom subgraph(s).
Computing potential maxcliques of atom subgraphs...done.

Check successfully completed: 49 potential maxcliques found.
=========================================

=========================================
Testing file 20n30m2k0.05miss0.05err_2.m...
There are 1 connected component(s).
Computing potential maxcliques of connected components...done.
Computing atoms...done.
There are 4 atom subgraph(s).
Computing potential maxcliques of atom subgraphs...done.

Check successfully completed: 85 potential maxcliques found.
=========================================

=========================================
Testing file 20n30m2k0.05miss0.05err_3.m...
There are 1 connected component(s).
Computing potential maxcliques of connected components...done.
Computing atoms...done.
There are 7 atom subgraph(s).
Computing potential maxcliques of atom subgraphs...done.

Check successfully completed: 91 potential maxcliques found.
=========================================

=========================================
Testing file 20n30m2k0.05miss0.05err_4.m...
There are 1 connected component(s).
Computing potential maxcliques of connected components...done.
Computing atoms...done.
There are 5 atom subgraph(s).
Computing potential maxcliques of atom subgraphs...done.

Check successfully completed: 59 potential maxcliques found.
=========================================

=========================================
Testing file 20n30m2k0.05miss0.05err_5.m...
There are 1 connected component(s).
Computing potential maxcliques of connected components...done.
Computing atoms...done.
There are 7 atom subgraph(s).
Computing potential maxcliques of atom subgraphs...done.

Check successfully completed: 121 potential maxcliques found.
=========================================

=========================================
Testing file 20n30m2k0.05miss0.05err_6.m...
There are 1 connected component(s).
Computing potential maxcliques of connected components...done.
Computing atoms...done.
There are 6 atom subgraph(s).
Computing potential maxcliques of atom subgraphs...done.

Check successfully completed: 31 potential maxcliques found.
=========================================

=========================================
Testing file 20n30m2k0.05miss0.05err_7.m...
There are 1 connected component(s).
Computing potential maxcliques of connected components...done.
Computing atoms...done.
There are 6 atom subgraph(s).
Computing potential maxcliques of atom subgraphs...done.

Check successfully completed: 53 potential maxcliques found.
=========================================

=========================================
Testing file 20n30m2k0.05miss0.05err_8.m...
There are 1 connected component(s).
Computing potential maxcliques of connected components...done.
Computing atoms...done.
There are 4 atom subgraph(s).
Computing potential maxcliques of atom subgraphs...done.

Check successfully completed: 19 potential maxcliques found.
=========================================

=========================================
Testing file 20n30m2k0.05miss0.05err_9.m...
There are 1 connected component(s).
Computing potential maxcliques of connected components...done.
Computing atoms...done.
There are 7 atom subgraph(s).
Computing potential maxcliques of atom subgraphs...done.

Check successfully completed: 57 potential maxcliques found.
=========================================

