=========================================
Testing file 20n30m2k0.05miss0.05err_0.m...
Computing separator graph...done.
Computing atoms...done.
There are 5 atoms subgraph(s).
Computing separator graphs of atoms...done.
Check successfully completed: 35 edges (crossing relations) found.
=========================================

=========================================
Testing file 20n30m2k0.05miss0.05err_10.m...
Computing separator graph...done.
Computing atoms...done.
There are 7 atoms subgraph(s).
Computing separator graphs of atoms...done.
Check successfully completed: 35 edges (crossing relations) found.
=========================================

=========================================
Testing file 20n30m2k0.05miss0.05err_11.m...
Computing separator graph...done.
Computing atoms...done.
There are 5 atoms subgraph(s).
Computing separator graphs of atoms...done.
Check successfully completed: 103 edges (crossing relations) found.
=========================================

=========================================
Testing file 20n30m2k0.05miss0.05err_12.m...
Computing separator graph...done.
Computing atoms...done.
There are 7 atoms subgraph(s).
Computing separator graphs of atoms...done.
Check successfully completed: 228 edges (crossing relations) found.
=========================================

=========================================
Testing file 20n30m2k0.05miss0.05err_13.m...
Computing separator graph...done.
Computing atoms...done.
There are 6 atoms subgraph(s).
Computing separator graphs of atoms...done.
Check successfully completed: 269 edges (crossing relations) found.
=========================================

=========================================
Testing file 20n30m2k0.05miss0.05err_14.m...
Computing separator graph...done.
Computing atoms...done.
There are 7 atoms subgraph(s).
Computing separator graphs of atoms...done.
Check successfully completed: 86 edges (crossing relations) found.
=========================================

=========================================
Testing file 20n30m2k0.05miss0.05err_15.m...
Computing separator graph...done.
Computing atoms...done.
There are 6 atoms subgraph(s).
Computing separator graphs of atoms...done.
Check successfully completed: 182 edges (crossing relations) found.
=========================================

=========================================
Testing file 20n30m2k0.05miss0.05err_16.m...
Computing separator graph...done.
Computing atoms...done.
There are 4 atoms subgraph(s).
Computing separator graphs of atoms...done.
Check successfully completed: 158 edges (crossing relations) found.
=========================================

=========================================
Testing file 20n30m2k0.05miss0.05err_17.m...
Computing separator graph...done.
Computing atoms...done.
There are 6 atoms subgraph(s).
Computing separator graphs of atoms...done.
Check successfully completed: 150 edges (crossing relations) found.
=========================================

=========================================
Testing file 20n30m2k0.05miss0.05err_18.m...
Computing separator graph...done.
Computing atoms...done.
There are 9 atoms subgraph(s).
Computing separator graphs of atoms...done.
Check successfully completed: 27 edges (crossing relations) found.
=========================================

=========================================
Testing file 20n30m2k0.05miss0.05err_19.m...
Computing separator graph...done.
Computing atoms...done.
There are 5 atoms subgraph(s).
Computing separator graphs of atoms...done.
Check successfully completed: 47 edges (crossing relations) found.
=========================================

=========================================
Testing file 20n30m2k0.05miss0.05err_1.m...
Computing separator graph...done.
Computing atoms...done.
There are 5 atoms subgraph(s).
Computing separator graphs of atoms...done.
Check successfully completed: 93 edges (crossing relations) found.
=========================================

=========================================
Testing file 20n30m2k0.05miss0.05err_20.m...
Computing separator graph...done.
Computing atoms...done.
There are 8 atoms subgraph(s).
Computing separator graphs of atoms...done.
Check successfully completed: 109 edges (crossing relations) found.
=========================================

=========================================
Testing file 20n30m2k0.05miss0.05err_21.m...
Computing separator graph...done.
Computing atoms...done.
There are 5 atoms subgraph(s).
Computing separator graphs of atoms...done.
Check successfully completed: 30 edges (crossing relations) found.
=========================================

=========================================
Testing file 20n30m2k0.05miss0.05err_22.m...
Computing separator graph...done.
Computing atoms...done.
There are 7 atoms subgraph(s).
Computing separator graphs of atoms...done.
Check successfully completed: 196 edges (crossing relations) found.
=========================================

=========================================
Testing file 20n30m2k0.05miss0.05err_23.m...
Computing separator graph...done.
Computing atoms...done.
There are 7 atoms subgraph(s).
Computing separator graphs of atoms...done.
Check successfully completed: 369 edges (crossing relations) found.
=========================================

=========================================
Testing file 20n30m2k0.05miss0.05err_24.m...
Computing separator graph...done.
Computing atoms...done.
There are 7 atoms subgraph(s).
Computing separator graphs of atoms...done.
Check successfully completed: 14 edges (crossing relations) found.
=========================================

=========================================
Testing file 20n30m2k0.05miss0.05err_25.m...
Computing separator graph...done.
Computing atoms...done.
There are 7 atoms subgraph(s).
Computing separator graphs of atoms...done.
Check successfully completed: 410 edges (crossing relations) found.
=========================================

=========================================
Testing file 20n30m2k0.05miss0.05err_26.m...
Computing separator graph...done.
Computing atoms...done.
There are 6 atoms subgraph(s).
Computing separator graphs of atoms...done.
Check successfully completed: 101 edges (crossing relations) found.
=========================================

=========================================
Testing file 20n30m2k0.05miss0.05err_27.m...
Computing separator graph...done.
Computing atoms...done.
There are 7 atoms subgraph(s).
Computing separator graphs of atoms...done.
Check successfully completed: 12 edges (crossing relations) found.
=========================================

=========================================
Testing file 20n30m2k0.05miss0.05err_28.m...
Computing separator graph...done.
Computing atoms...done.
There are 5 atoms subgraph(s).
Computing separator graphs of atoms...done.
Check successfully completed: 309 edges (crossing relations) found.
=========================================

=========================================
Testing file 20n30m2k0.05miss0.05err_29.m...
Computing separator graph...done.
Computing atoms...done.
There are 6 atoms subgraph(s).
Computing separator graphs of atoms...done.
Check successfully completed: 89 edges (crossing relations) found.
=========================================

=========================================
Testing file 20n30m2k0.05miss0.05err_2.m...
Computing separator graph...done.
Computing atoms...done.
There are 4 atoms subgraph(s).
Computing separator graphs of atoms...done.
Check successfully completed: 351 edges (crossing relations) found.
=========================================

=========================================
Testing file 20n30m2k0.05miss0.05err_3.m...
Computing separator graph...done.
Computing atoms...done.
There are 7 atoms subgraph(s).
Computing separator graphs of atoms...done.
Check successfully completed: 307 edges (crossing relations) found.
=========================================

=========================================
Testing file 20n30m2k0.05miss0.05err_4.m...
Computing separator graph...done.
Computing atoms...done.
There are 5 atoms subgraph(s).
Computing separator graphs of atoms...done.
Check successfully completed: 100 edges (crossing relations) found.
=========================================

=========================================
Testing file 20n30m2k0.05miss0.05err_5.m...
Computing separator graph...done.
Computing atoms...done.
There are 7 atoms subgraph(s).
Computing separator graphs of atoms...done.
Check successfully completed: 467 edges (crossing relations) found.
=========================================

=========================================
Testing file 20n30m2k0.05miss0.05err_6.m...
Computing separator graph...done.
Computing atoms...done.
There are 6 atoms subgraph(s).
Computing separator graphs of atoms...done.
Check successfully completed: 25 edges (crossing relations) found.
=========================================

=========================================
Testing file 20n30m2k0.05miss0.05err_7.m...
Computing separator graph...done.
Computing atoms...done.
There are 6 atoms subgraph(s).
Computing separator graphs of atoms...done.
Check successfully completed: 82 edges (crossing relations) found.
=========================================

=========================================
Testing file 20n30m2k0.05miss0.05err_8.m...
Computing separator graph...done.
Computing atoms...done.
There are 4 atoms subgraph(s).
Computing separator graphs of atoms...done.
Check successfully completed: 16 edges (crossing relations) found.
=========================================

=========================================
Testing file 20n30m2k0.05miss0.05err_9.m...
Computing separator graph...done.
Computing atoms...done.
There are 7 atoms subgraph(s).
Computing separator graphs of atoms...done.
Check successfully completed: 143 edges (crossing relations) found.
=========================================

